$GPRMC,230011,A,4002.7896,N,10500.3554,W,000.0,000.0,120413,008.6,E,D*03
$GPGSV,3,1,11,03,47,089,39,06,35,066,36,07,53,308,40,08,27,288,36*71
$GPGSV,3,2,11,10,27,275,35,13,79,170,38,16,27,047,36,23,51,155,40*7F
$GPGSV,3,3,11,05,06,325,00,19,38,121,00,28,09,229,00*45
$GPRMC,230012,A,4002.7896,N,10500.3554,W,000.0,000.0,120413,008.6,E,D*00
$GPGSV,3,1,11,03,47,089,39,06,35,066,36,07,53,308,40,08,27,288,36*71
$GPGSV,3,2,11,10,27,275,35,13,79,170,38,16,27,047,36,23,51,155,40*7F
$GPGSV,3,3,11,05,06,325,00,19,38,121,00,28,09,229,00*45
$GPRMC,230013,A,4002.7896,N,10500.3554,W,000.0,000.0,120413,008.6,E,D*01
$GPGSV,3,1,11,03,47,089,39,06,35,066,36,07,53,308,40,08,27,288,36*71
$GPGSV,3,2,11,10,27,275,35,13,78,170,38,16,27,047,36,23,51,155,40*7E
$GPGSV,3,3,11,05,06,325,00,19,38,121,00,28,09,229,00*45
$GPRMC,230014,A,4002.7896,N,10500.3554,W,000.0,000.0,120413,008.6,E,D*06
$GPGSV,3,1,11,03,47,089,39,06,35,066,36,07,53,308,40,08,27,288,36*71
$GPGSV,3,2,11,10,27,275,35,13,78,170,38,16,27,047,36,23,51,155,40*7E
$GPGSV,3,3,11,05,06,325,00,19,38,121,00,28,09,229,00*45
$GPRMC,230015,A,4002.7896,N,10500.3554,W,000.0,000.0,120413,008.6,E,D*07
$GPGSV,3,1,11,03,47,089,39,06,35,066,36,07,53,308,40,08,27,288,36*71
$GPGSV,3,2,11,10,27,275,35,13,78,170,38,16,27,047,36,23,51,155,40*7E
$GPGSV,3,3,11,05,06,325,00,19,38,121,00,28,09,229,00*45
$GPRMC,230016,A,4002.7896,N,10500.3554,W,000.0,000.0,120413,008.6,E,D*04
$GPGSV,3,1,11,03,47,089,39,06,35,066,36,07,53,308,40,08,27,288,36*71
$GPGSV,3,2,11,10,27,275,35,13,78,170,38,16,27,047,36,23,51,155,40*7E
$GPGSV,3,3,11,05,06,325,00,19,38,121,00,28,09,229,00*45
$GPRMC,230017,A,4002.7896,N,10500.3554,W,000.0,000.0,120413,008.6,E,D*05
$GPGSV,3,1,11,03,47,089,39,06,35,066,36,07,53,308,40,08,27,288,36*71
$GPGSV,3,2,11,10,27,275,35,13,78,170,38,16,27,047,36,23,51,155,40*7E
$GPGSV,3,3,11,05,06,325,00,19,38,121,00,28,09,229,00*45
$GPRMC,230018,A,4002.7896,N,10500.3554,W,000.0,000.0,120413,008.6,E,D*0A
$GPGSV,3,1,11,03,47,089,39,06,35,066,36,07,53,308,40,08,27,288,36*71
$GPGSV,3,2,11,10,27,275,35,13,78,170,38,16,27,047,36,23,51,155,40*7E
$GPGSV,3,3,11,05,06,325,00,19,38,121,00,28,09,229,00*45
$GPRMC,230019,A,4002.7896,N,10500.3554,W,000.0,000.0,120413,008.6,E,D*0B
$GPGSV,3,1,11,03,47,089,39,06,35,066,36,07,53,308,40,08,27,288,36*71
$GPGSV,3,2,11,10,27,275,35,13,78,170,38,16,27,047,36,23,51,155,40*7E
$GPGSV,3,3,11,05,06,325,00,19,38,121,00,28,09,229,00*45
$GPRMC,230020,A,4002.7896,N,10500.3554,W,000.0,000.0,120413,008.6,E,D*01
$GPGSV,3,1,11,03,47,089,39,06,35,066,36,07,53,308,40,08,27,288,36*71
$GPGSV,3,2,11,10,27,275,36,13,78,170,38,16,27,047,36,23,51,155,40*7D
$GPGSV,3,3,11,05,06,325,00,19,38,121,00,28,09,229,00*45
$GPRMC,230021,A,4002.7896,N,10500.3554,W,000.0,000.0,120413,008.6,E,D*00
$GPGSV,3,1,11,03,47,089,39,06,35,066,36,07,53,308,40,08,27,288,36*71
$GPGSV,3,2,11,10,27,275,36,13,78,170,39,16,27,047,36,23,51,155,40*7C
$GPGSV,3,3,11,05,06,325,00,19,38,121,00,28,09,229,00*45
$GPRMC,230022,A,4002.7896,N,10500.3554,W,000.0,000.0,120413,008.6,E,D*03
$GPGSV,3,1,11,03,47,089,39,06,35,066,36,07,53,308,40,08,27,288,36*71
$GPGSV,3,2,11,10,27,275,36,13,78,170,39,16,27,047,36,23,51,155,40*7C
$GPGSV,3,3,11,05,06,325,00,19,38,121,00,28,09,229,00*45
$GPRMC,230023,A,4002.7896,N,10500.3554,W,000.0,000.0,120413,008.6,E,D*02
$GPGSV,3,1,11,03,47,089,39,06,35,066,36,07,53,308,41,08,27,288,36*70
$GPGSV,3,2,11,10,27,275,36,13,78,170,39,16,27,047,36,23,51,155,40*7C
$GPGSV,3,3,11,05,06,325,00,19,38,121,00,28,09,229,00*45
