$GPRMC,230012,A,4002.7900,N,10500.3566,W,000.0,000.0,120413,008.6,E,D*0F
$GPGSV,3,1,11,03,47,089,39,05,06,324,37,06,35,065,36,07,53,308,41*7B
$GPGSV,3,2,11,08,27,288,37,10,27,275,36,13,79,170,39,16,27,047,33*73
$GPGSV,3,3,11,19,38,121,39,23,51,155,44,28,08,229,00*4D
$GPRMC,230013,A,4002.7900,N,10500.3566,W,000.0,000.0,120413,008.6,E,D*0E
$GPGSV,3,1,11,03,47,089,39,05,06,324,37,06,35,065,36,07,53,308,41*7B
$GPGSV,3,2,11,08,27,288,37,10,27,275,36,13,79,170,39,16,27,047,33*73
$GPGSV,3,3,11,19,38,121,39,23,51,155,44,28,08,229,00*4D
$GPRMC,230014,A,4002.7900,N,10500.3566,W,000.0,000.0,120413,008.6,E,D*09
$GPGSV,3,1,11,03,47,089,39,05,06,324,37,06,35,065,36,07,53,308,41*7B
$GPGSV,3,2,11,08,27,288,37,10,27,275,36,13,78,170,39,16,27,047,33*72
$GPGSV,3,3,11,19,38,121,40,23,51,155,44,28,08,229,00*43
$GPRMC,230015,A,4002.7900,N,10500.3566,W,000.0,000.0,120413,008.6,E,D*08
$GPGSV,3,1,11,03,47,089,40,05,06,324,37,06,35,065,37,07,53,308,41*74
$GPGSV,3,2,11,08,27,288,38,10,27,275,37,13,78,170,40,16,27,047,34*75
$GPGSV,3,3,11,19,38,121,40,23,51,155,44,28,08,229,00*43
$GPRMC,230016,A,4002.7900,N,10500.3566,W,000.0,000.0,120413,008.6,E,D*0B
$GPGSV,3,1,11,03,47,089,40,05,06,324,37,06,35,065,37,07,53,308,41*74
$GPGSV,3,2,11,08,27,288,38,10,27,275,37,13,78,170,40,16,27,047,34*75
$GPGSV,3,3,11,19,38,121,41,23,51,155,44,28,08,229,00*42
$GPRMC,230017,A,4002.7900,N,10500.3566,W,000.0,000.0,120413,008.6,E,D*0A
$GPGSV,3,1,11,03,47,089,40,05,06,324,37,06,35,065,37,07,53,308,41*74
$GPGSV,3,2,11,08,27,288,38,10,27,275,37,13,78,170,40,16,27,047,34*75
$GPGSV,3,3,11,19,38,121,41,23,51,155,44,28,08,229,00*42
$GPRMC,230018,A,4002.7900,N,10500.3566,W,000.0,000.0,120413,008.6,E,D*05
$GPGSV,3,1,11,03,47,089,40,05,06,324,37,06,35,065,38,07,53,308,41*7B
$GPGSV,3,2,11,08,27,288,38,10,27,275,37,13,78,170,40,16,27,047,34*75
$GPGSV,3,3,11,19,38,121,41,23,51,155,44,28,08,229,00*42
$GPRMC,230019,A,4002.7900,N,10500.3566,W,000.0,000.0,120413,008.6,E,D*04
$GPGSV,3,1,11,03,47,089,40,05,06,324,38,06,35,065,38,07,53,308,41*74
$GPGSV,3,2,11,08,27,288,39,10,27,275,38,13,78,170,40,16,27,047,34*7B
$GPGSV,3,3,11,19,38,121,41,23,51,155,44,28,08,229,00*42
$GPRMC,230020,A,4002.7900,N,10500.3566,W,000.0,000.0,120413,008.6,E,D*0E
$GPGSV,3,1,11,03,47,089,40,05,06,324,38,06,35,065,38,07,53,308,41*74
$GPGSV,3,2,11,08,27,288,39,10,27,275,38,13,78,170,39,16,27,047,34*75
$GPGSV,3,3,11,19,38,121,41,23,51,155,43,28,08,229,00*45
